SF:lib\main.dart
DA:6,3
DA:11,1
DA:13,1
DA:16,1
DA:19,1
DA:20,1
DA:21,1
DA:22,1
DA:24,1
DA:25,1
DA:26,3
DA:27,1
DA:28,3
DA:29,1
DA:30,3
DA:31,1
DA:32,1
DA:34,1
DA:35,1
DA:36,2
DA:37,2
DA:38,0
DA:39,0
DA:41,1
DA:42,1
DA:43,3
DA:47,1
DA:48,1
DA:49,1
DA:50,1
DA:52,1
DA:54,1
DA:55,2
DA:56,3
DA:57,1
DA:59,1
DA:60,2
DA:61,2
DA:62,1
DA:64,1
DA:65,2
DA:66,3
DA:67,1
DA:71,1
DA:72,1
DA:73,1
DA:75,1
DA:77,1
DA:78,2
DA:79,3
DA:80,1
DA:95,1
DA:99,1
DA:101,1
DA:102,1
DA:106,1
DA:107,1
DA:109,1
DA:119,1
DA:123,1
DA:125,1
DA:126,1
DA:130,1
DA:131,1
DA:133,1
DA:143,1
DA:147,1
DA:149,1
DA:151,1
DA:152,1
DA:153,0
DA:154,1
DA:155,1
DA:157,1
DA:159,1
DA:167,1
DA:168,0
DA:169,1
DA:170,1
DA:172,1
DA:174,1
DA:182,1
DA:183,0
DA:184,1
DA:185,1
DA:187,1
DA:189,1
DA:197,1
DA:198,0
DA:199,1
DA:200,1
DA:202,1
DA:204,1
DA:212,1
DA:213,0
DA:214,1
DA:215,1
DA:217,1
DA:219,1
DA:233,1
DA:237,1
DA:239,1
DA:240,1
DA:244,1
DA:245,1
DA:247,2
DA:248,1
DA:249,1
DA:250,0
DA:251,1
DA:252,1
DA:254,1
DA:255,1
DA:256,1
LF:114
LH:106
end_of_record
SF:lib\calculadora_store.dart
DA:20,1
DA:21,2
DA:24,0
DA:26,0
DA:27,0
DA:28,0
DA:29,0
DA:30,0
DA:31,0
DA:32,0
DA:33,0
DA:34,0
DA:35,0
DA:39,0
DA:41,0
DA:42,0
DA:43,0
DA:44,0
DA:47,0
DA:49,0
DA:52,0
DA:54,0
DA:57,0
DA:59,0
LF:24
LH:2
end_of_record
SF:lib\calculadora_store.g.dart
DA:14,1
DA:16,2
DA:17,1
DA:20,0
DA:22,0
DA:23,0
DA:29,1
DA:31,2
DA:32,1
DA:35,0
DA:37,0
DA:38,0
DA:45,1
DA:47,2
DA:48,1
DA:51,0
DA:53,0
DA:54,0
DA:60,1
DA:62,2
DA:63,1
DA:66,0
DA:68,0
DA:69,0
DA:76,0
DA:78,0
DA:81,0
DA:83,0
DA:87,0
DA:89,0
DA:92,0
DA:94,0
DA:98,0
DA:100,0
DA:103,0
DA:105,0
DA:109,0
DA:111,0
DA:114,0
DA:116,0
DA:120,0
DA:122,0
DA:125,0
DA:127,0
DA:131,0
DA:134,0
DA:135,0
DA:136,0
DA:137,0
DA:138,0
LF:50
LH:12
end_of_record
